  [1m[36mActiveRecord::SchemaMigration Load (22.7ms)[0m  [1mSELECT "schema_migrations".* FROM "schema_migrations"[0m
Migrating to CreateRestaurants (20151123163029)
  [1m[35m (0.2ms)[0m  BEGIN
  [1m[36m (45.0ms)[0m  [1mCREATE TABLE "restaurants" ("id" serial primary key, "name" character varying, "rating" integer, "created_at" timestamp NOT NULL, "updated_at" timestamp NOT NULL) [0m
  [1m[35m (0.2ms)[0m  ROLLBACK
  [1m[36m (404.3ms)[0m  [1mCREATE DATABASE "yelp_clone_development" ENCODING = 'unicode'[0m
  [1m[36m (20.3ms)[0m  [1mCREATE TABLE "schema_migrations" ("version" character varying NOT NULL) [0m
  [1m[35m (2.3ms)[0m  CREATE UNIQUE INDEX  "unique_schema_migrations" ON "schema_migrations"  ("version")
  [1m[36mActiveRecord::SchemaMigration Load (0.6ms)[0m  [1mSELECT "schema_migrations".* FROM "schema_migrations"[0m
Migrating to CreateRestaurants (20151123163029)
  [1m[35m (0.2ms)[0m  BEGIN
  [1m[36m (23.0ms)[0m  [1mCREATE TABLE "restaurants" ("id" serial primary key, "name" character varying, "rating" integer, "created_at" timestamp NOT NULL, "updated_at" timestamp NOT NULL) [0m
  [1m[35mSQL (1.1ms)[0m  INSERT INTO "schema_migrations" ("version") VALUES ($1)  [["version", "20151123163029"]]
  [1m[36m (5.5ms)[0m  [1mCOMMIT[0m
Migrating to AddDescriptionToRestaurants (20151124122800)
  [1m[35m (5.9ms)[0m  BEGIN
  [1m[36m (6.7ms)[0m  [1mALTER TABLE "restaurants" ADD "description" text[0m
  [1m[35mSQL (0.2ms)[0m  INSERT INTO "schema_migrations" ("version") VALUES ($1)  [["version", "20151124122800"]]
  [1m[36m (0.5ms)[0m  [1mCOMMIT[0m
  [1m[35mActiveRecord::SchemaMigration Load (0.2ms)[0m  SELECT "schema_migrations".* FROM "schema_migrations"
  [1m[36m (3.6ms)[0m  [1mSELECT t2.oid::regclass::text AS to_table, a1.attname AS column, a2.attname AS primary_key, c.conname AS name, c.confupdtype AS on_update, c.confdeltype AS on_delete
FROM pg_constraint c
JOIN pg_class t1 ON c.conrelid = t1.oid
JOIN pg_class t2 ON c.confrelid = t2.oid
JOIN pg_attribute a1 ON a1.attnum = c.conkey[1] AND a1.attrelid = t1.oid
JOIN pg_attribute a2 ON a2.attnum = c.confkey[1] AND a2.attrelid = t2.oid
JOIN pg_namespace t3 ON c.connamespace = t3.oid
WHERE c.contype = 'f'
  AND t1.relname = 'restaurants'
  AND t3.nspname = ANY (current_schemas(false))
ORDER BY c.conname
[0m
  [1m[36mActiveRecord::SchemaMigration Load (1.2ms)[0m  [1mSELECT "schema_migrations".* FROM "schema_migrations"[0m
Migrating to CreateReviews (20151124152824)
  [1m[35m (0.2ms)[0m  BEGIN
  [1m[36m (17.3ms)[0m  [1mCREATE TABLE "reviews" ("id" serial primary key, "thoughts" text, "rating" integer, "created_at" timestamp NOT NULL, "updated_at" timestamp NOT NULL) [0m
  [1m[35mSQL (0.9ms)[0m  INSERT INTO "schema_migrations" ("version") VALUES ($1)  [["version", "20151124152824"]]
  [1m[36m (2.1ms)[0m  [1mCOMMIT[0m
Migrating to AddRestaurantIdToReviews (20151124155645)
  [1m[35m (0.4ms)[0m  BEGIN
  [1m[36m (0.4ms)[0m  [1mALTER TABLE "reviews" ADD "restaurant_id" integer[0m
  [1m[35m (1.2ms)[0m  CREATE  INDEX  "index_reviews_on_restaurant_id" ON "reviews"  ("restaurant_id")
  [1m[36m (6.7ms)[0m  [1mALTER TABLE "reviews" ADD CONSTRAINT "fk_rails_8173017a90"
FOREIGN KEY ("restaurant_id")
  REFERENCES "restaurants" ("id")
[0m
  [1m[35mSQL (0.2ms)[0m  INSERT INTO "schema_migrations" ("version") VALUES ($1)  [["version", "20151124155645"]]
  [1m[36m (0.7ms)[0m  [1mCOMMIT[0m
  [1m[35mActiveRecord::SchemaMigration Load (0.3ms)[0m  SELECT "schema_migrations".* FROM "schema_migrations"
  [1m[36m (3.5ms)[0m  [1mSELECT t2.oid::regclass::text AS to_table, a1.attname AS column, a2.attname AS primary_key, c.conname AS name, c.confupdtype AS on_update, c.confdeltype AS on_delete
FROM pg_constraint c
JOIN pg_class t1 ON c.conrelid = t1.oid
JOIN pg_class t2 ON c.confrelid = t2.oid
JOIN pg_attribute a1 ON a1.attnum = c.conkey[1] AND a1.attrelid = t1.oid
JOIN pg_attribute a2 ON a2.attnum = c.confkey[1] AND a2.attrelid = t2.oid
JOIN pg_namespace t3 ON c.connamespace = t3.oid
WHERE c.contype = 'f'
  AND t1.relname = 'restaurants'
  AND t3.nspname = ANY (current_schemas(false))
ORDER BY c.conname
[0m
  [1m[35m (2.6ms)[0m  SELECT t2.oid::regclass::text AS to_table, a1.attname AS column, a2.attname AS primary_key, c.conname AS name, c.confupdtype AS on_update, c.confdeltype AS on_delete
FROM pg_constraint c
JOIN pg_class t1 ON c.conrelid = t1.oid
JOIN pg_class t2 ON c.confrelid = t2.oid
JOIN pg_attribute a1 ON a1.attnum = c.conkey[1] AND a1.attrelid = t1.oid
JOIN pg_attribute a2 ON a2.attnum = c.confkey[1] AND a2.attrelid = t2.oid
JOIN pg_namespace t3 ON c.connamespace = t3.oid
WHERE c.contype = 'f'
  AND t1.relname = 'reviews'
  AND t3.nspname = ANY (current_schemas(false))
ORDER BY c.conname



Started GET "/" for ::1 at 2015-11-24 16:10:09 +0000
  [1m[36mActiveRecord::SchemaMigration Load (2.0ms)[0m  [1mSELECT "schema_migrations".* FROM "schema_migrations"[0m
Processing by Rails::WelcomeController#index as HTML
  Rendered /Users/ivansathianathan/.rvm/gems/ruby-2.2.3/gems/railties-4.2.5/lib/rails/templates/rails/welcome/index.html.erb (3.1ms)
Completed 200 OK in 37ms (Views: 21.2ms | ActiveRecord: 0.0ms)


Started GET "/restaurants" for ::1 at 2015-11-24 16:10:14 +0000
Processing by RestaurantsController#index as HTML
  [1m[35m (0.8ms)[0m  SELECT COUNT(*) FROM "restaurants"
  Rendered restaurants/index.html.erb within layouts/application (7.3ms)
Completed 200 OK in 2654ms (Views: 2644.3ms | ActiveRecord: 2.8ms)


Started GET "/assets/reviews.self-e3b0c44298fc1c149afbf4c8996fb92427ae41e4649b934ca495991b7852b855.css?body=1" for ::1 at 2015-11-24 16:10:16 +0000


Started GET "/assets/reviews.self-877aef30ae1b040ab8a3aba4e3e309a11d7f2612f44dde450b5c157aa5f95c05.js?body=1" for ::1 at 2015-11-24 16:10:16 +0000


Started GET "/restaurants/new" for ::1 at 2015-11-24 16:10:18 +0000
Processing by RestaurantsController#new as HTML
  Rendered restaurants/new.html.erb within layouts/application (35.0ms)
Completed 200 OK in 151ms (Views: 136.1ms | ActiveRecord: 2.5ms)


Started POST "/restaurants" for ::1 at 2015-11-24 16:10:22 +0000
Processing by RestaurantsController#create as HTML
  Parameters: {"utf8"=>"✓", "authenticity_token"=>"BN8jbfcsqYqx4FyHkIkjrl8K1sxmJmniyoqSBvrquyyK+d0Hx8tPaGCN9CQPUgnluOrvAthOZl3zgxsgdRQyzw==", "restaurant"=>{"name"=>"McDs"}, "commit"=>"Create Restaurant"}
  [1m[36m (0.2ms)[0m  [1mBEGIN[0m
  [1m[35mSQL (0.7ms)[0m  INSERT INTO "restaurants" ("name", "created_at", "updated_at") VALUES ($1, $2, $3) RETURNING "id"  [["name", "McDs"], ["created_at", "2015-11-24 16:10:22.317775"], ["updated_at", "2015-11-24 16:10:22.317775"]]
  [1m[36m (0.5ms)[0m  [1mCOMMIT[0m
Redirected to http://localhost:3000/restaurants
Completed 302 Found in 10ms (ActiveRecord: 1.6ms)


Started GET "/restaurants" for ::1 at 2015-11-24 16:10:22 +0000
Processing by RestaurantsController#index as HTML
  [1m[35m (0.8ms)[0m  SELECT COUNT(*) FROM "restaurants"
  [1m[36mRestaurant Load (0.5ms)[0m  [1mSELECT "restaurants".* FROM "restaurants"[0m
  [1m[35mReview Exists (0.6ms)[0m  SELECT  1 AS one FROM "reviews" WHERE "reviews"."restaurant_id" = $1 LIMIT 1  [["restaurant_id", 1]]
  Rendered restaurants/index.html.erb within layouts/application (60.9ms)
Completed 200 OK in 147ms (Views: 143.2ms | ActiveRecord: 3.0ms)


Started GET "/restaurants/1/reviews/new" for ::1 at 2015-11-24 16:10:28 +0000
Processing by ReviewsController#new as HTML
  Parameters: {"restaurant_id"=>"1"}
  [1m[36mRestaurant Load (0.3ms)[0m  [1mSELECT  "restaurants".* FROM "restaurants" WHERE "restaurants"."id" = $1 LIMIT 1[0m  [["id", 1]]
  Rendered reviews/new.html.erb within layouts/application (10.2ms)
Completed 200 OK in 132ms (Views: 113.2ms | ActiveRecord: 0.9ms)


Started POST "/restaurants/1/reviews" for ::1 at 2015-11-24 16:10:34 +0000
Processing by ReviewsController#create as HTML
  Parameters: {"utf8"=>"✓", "authenticity_token"=>"lsocLTaHTz/PrEPCY1P37sM+PYwzoVt0TPlAJndLFO0Y7OJHBmCp3R7B62H8iN2lJN4EQo3JVMt18MkA+LWdDg==", "review"=>{"thoughts"=>"Not for me", "rating"=>"2"}, "commit"=>"Leave Review", "restaurant_id"=>"1"}
  [1m[35mRestaurant Load (0.4ms)[0m  SELECT  "restaurants".* FROM "restaurants" WHERE "restaurants"."id" = $1 LIMIT 1  [["id", 1]]
  [1m[36m (0.7ms)[0m  [1mBEGIN[0m
  [1m[35mSQL (0.9ms)[0m  INSERT INTO "reviews" ("thoughts", "rating", "restaurant_id", "created_at", "updated_at") VALUES ($1, $2, $3, $4, $5) RETURNING "id"  [["thoughts", "Not for me"], ["rating", 2], ["restaurant_id", 1], ["created_at", "2015-11-24 16:10:34.945436"], ["updated_at", "2015-11-24 16:10:34.945436"]]
  [1m[36m (5.0ms)[0m  [1mCOMMIT[0m
Redirected to http://localhost:3000/restaurants
Completed 302 Found in 16ms (ActiveRecord: 7.0ms)


Started GET "/restaurants" for ::1 at 2015-11-24 16:10:34 +0000
Processing by RestaurantsController#index as HTML
  [1m[35m (0.4ms)[0m  SELECT COUNT(*) FROM "restaurants"
  [1m[36mRestaurant Load (0.2ms)[0m  [1mSELECT "restaurants".* FROM "restaurants"[0m
  [1m[35mReview Exists (0.4ms)[0m  SELECT  1 AS one FROM "reviews" WHERE "reviews"."restaurant_id" = $1 LIMIT 1  [["restaurant_id", 1]]
  [1m[36mReview Load (0.4ms)[0m  [1mSELECT "reviews".* FROM "reviews" WHERE "reviews"."restaurant_id" = $1[0m  [["restaurant_id", 1]]
  Rendered restaurants/index.html.erb within layouts/application (11.2ms)
Completed 200 OK in 104ms (Views: 101.6ms | ActiveRecord: 1.4ms)


Started GET "/restaurants/new" for ::1 at 2015-11-24 16:10:39 +0000
Processing by RestaurantsController#new as HTML
  Rendered restaurants/new.html.erb within layouts/application (1.9ms)
Completed 200 OK in 72ms (Views: 71.3ms | ActiveRecord: 0.0ms)


Started POST "/restaurants" for ::1 at 2015-11-24 16:10:42 +0000
Processing by RestaurantsController#create as HTML
  Parameters: {"utf8"=>"✓", "authenticity_token"=>"haVNc4EBNJmdPFLTc4x2rAXjAVyXkCERiwEivTMSQPQLg7MZsebSe0xR+nDsV1zn4gM4kin4Lq6yCKubvOzJFw==", "restaurant"=>{"name"=>"KFC"}, "commit"=>"Create Restaurant"}
  [1m[35m (0.2ms)[0m  BEGIN
  [1m[36mSQL (0.3ms)[0m  [1mINSERT INTO "restaurants" ("name", "created_at", "updated_at") VALUES ($1, $2, $3) RETURNING "id"[0m  [["name", "KFC"], ["created_at", "2015-11-24 16:10:42.738174"], ["updated_at", "2015-11-24 16:10:42.738174"]]
  [1m[35m (5.1ms)[0m  COMMIT
Redirected to http://localhost:3000/restaurants
Completed 302 Found in 10ms (ActiveRecord: 5.6ms)


Started GET "/restaurants" for ::1 at 2015-11-24 16:10:42 +0000
Processing by RestaurantsController#index as HTML
  [1m[36m (0.4ms)[0m  [1mSELECT COUNT(*) FROM "restaurants"[0m
  [1m[35mRestaurant Load (0.2ms)[0m  SELECT "restaurants".* FROM "restaurants"
  [1m[36mReview Exists (0.3ms)[0m  [1mSELECT  1 AS one FROM "reviews" WHERE "reviews"."restaurant_id" = $1 LIMIT 1[0m  [["restaurant_id", 1]]
  [1m[35mReview Load (0.8ms)[0m  SELECT "reviews".* FROM "reviews" WHERE "reviews"."restaurant_id" = $1  [["restaurant_id", 1]]
  [1m[36mReview Exists (2.9ms)[0m  [1mSELECT  1 AS one FROM "reviews" WHERE "reviews"."restaurant_id" = $1 LIMIT 1[0m  [["restaurant_id", 2]]
  Rendered restaurants/index.html.erb within layouts/application (21.1ms)
Completed 200 OK in 85ms (Views: 79.5ms | ActiveRecord: 4.7ms)


Started GET "/restaurants/2/reviews/new" for ::1 at 2015-11-24 16:10:45 +0000
Processing by ReviewsController#new as HTML
  Parameters: {"restaurant_id"=>"2"}
  [1m[35mRestaurant Load (0.3ms)[0m  SELECT  "restaurants".* FROM "restaurants" WHERE "restaurants"."id" = $1 LIMIT 1  [["id", 2]]
  Rendered reviews/new.html.erb within layouts/application (3.2ms)
Completed 200 OK in 76ms (Views: 74.0ms | ActiveRecord: 0.3ms)


Started POST "/restaurants/2/reviews" for ::1 at 2015-11-24 16:10:50 +0000
Processing by ReviewsController#create as HTML
  Parameters: {"utf8"=>"✓", "authenticity_token"=>"9HPtOfq369LmDzfi4FKXj6LfCImjJA+0B1kmXsMcDNR6VRNTylANMDdin0F/ib3ERT8xRx1MAAs+UK94TOKFNw==", "review"=>{"thoughts"=>"yum", "rating"=>"4"}, "commit"=>"Leave Review", "restaurant_id"=>"2"}
  [1m[36mRestaurant Load (0.3ms)[0m  [1mSELECT  "restaurants".* FROM "restaurants" WHERE "restaurants"."id" = $1 LIMIT 1[0m  [["id", 2]]
  [1m[35m (0.5ms)[0m  BEGIN
  [1m[36mSQL (0.9ms)[0m  [1mINSERT INTO "reviews" ("thoughts", "rating", "restaurant_id", "created_at", "updated_at") VALUES ($1, $2, $3, $4, $5) RETURNING "id"[0m  [["thoughts", "yum"], ["rating", 4], ["restaurant_id", 2], ["created_at", "2015-11-24 16:10:50.186072"], ["updated_at", "2015-11-24 16:10:50.186072"]]
  [1m[35m (0.5ms)[0m  COMMIT
Redirected to http://localhost:3000/restaurants
Completed 302 Found in 8ms (ActiveRecord: 2.2ms)


Started GET "/restaurants" for ::1 at 2015-11-24 16:10:50 +0000
Processing by RestaurantsController#index as HTML
  [1m[36m (0.4ms)[0m  [1mSELECT COUNT(*) FROM "restaurants"[0m
  [1m[35mRestaurant Load (0.3ms)[0m  SELECT "restaurants".* FROM "restaurants"
  [1m[36mReview Exists (0.7ms)[0m  [1mSELECT  1 AS one FROM "reviews" WHERE "reviews"."restaurant_id" = $1 LIMIT 1[0m  [["restaurant_id", 1]]
  [1m[35mReview Load (14.3ms)[0m  SELECT "reviews".* FROM "reviews" WHERE "reviews"."restaurant_id" = $1  [["restaurant_id", 1]]
  [1m[36mReview Exists (0.3ms)[0m  [1mSELECT  1 AS one FROM "reviews" WHERE "reviews"."restaurant_id" = $1 LIMIT 1[0m  [["restaurant_id", 2]]
  [1m[35mReview Load (0.2ms)[0m  SELECT "reviews".* FROM "reviews" WHERE "reviews"."restaurant_id" = $1  [["restaurant_id", 2]]
  Rendered restaurants/index.html.erb within layouts/application (29.4ms)
Completed 200 OK in 93ms (Views: 76.1ms | ActiveRecord: 16.1ms)


Started GET "/restaurants/2" for ::1 at 2015-11-24 16:11:09 +0000
Processing by RestaurantsController#show as HTML
  Parameters: {"id"=>"2"}
  [1m[36mRestaurant Load (0.3ms)[0m  [1mSELECT  "restaurants".* FROM "restaurants" WHERE "restaurants"."id" = $1 LIMIT 1[0m  [["id", 2]]
  [1m[35mReview Exists (0.2ms)[0m  SELECT  1 AS one FROM "reviews" WHERE "reviews"."restaurant_id" = $1 LIMIT 1  [["restaurant_id", 2]]
  [1m[36mReview Load (0.3ms)[0m  [1mSELECT "reviews".* FROM "reviews" WHERE "reviews"."restaurant_id" = $1[0m  [["restaurant_id", 2]]
  Rendered restaurants/show.html.erb within layouts/application (3.4ms)
Completed 200 OK in 63ms (Views: 61.0ms | ActiveRecord: 0.9ms)


Started GET "/" for ::1 at 2015-11-25 09:58:17 +0000
  [1m[36mActiveRecord::SchemaMigration Load (3.2ms)[0m  [1mSELECT "schema_migrations".* FROM "schema_migrations"[0m
Processing by Rails::WelcomeController#index as HTML
  Rendered /Users/ivansathianathan/.rvm/gems/ruby-2.2.3/gems/railties-4.2.5/lib/rails/templates/rails/welcome/index.html.erb (2.8ms)
Completed 200 OK in 99ms (Views: 50.3ms | ActiveRecord: 0.0ms)


Started GET "/restaurants" for ::1 at 2015-11-25 09:58:21 +0000
Processing by RestaurantsController#index as HTML
  [1m[35m (1.6ms)[0m  SELECT COUNT(*) FROM "restaurants"
  [1m[36mRestaurant Load (0.4ms)[0m  [1mSELECT "restaurants".* FROM "restaurants"[0m
  [1m[35mReview Exists (2.3ms)[0m  SELECT  1 AS one FROM "reviews" WHERE "reviews"."restaurant_id" = $1 LIMIT 1  [["restaurant_id", 1]]
  [1m[36mReview Load (0.3ms)[0m  [1mSELECT "reviews".* FROM "reviews" WHERE "reviews"."restaurant_id" = $1[0m  [["restaurant_id", 1]]
  [1m[35mReview Exists (0.4ms)[0m  SELECT  1 AS one FROM "reviews" WHERE "reviews"."restaurant_id" = $1 LIMIT 1  [["restaurant_id", 2]]
  [1m[36mReview Load (0.5ms)[0m  [1mSELECT "reviews".* FROM "reviews" WHERE "reviews"."restaurant_id" = $1[0m  [["restaurant_id", 2]]
  Rendered restaurants/index.html.erb within layouts/application (101.5ms)
Completed 200 OK in 404ms (Views: 373.6ms | ActiveRecord: 20.9ms)


Started GET "/assets/reviews.self-e3b0c44298fc1c149afbf4c8996fb92427ae41e4649b934ca495991b7852b855.css?body=1" for ::1 at 2015-11-25 09:58:21 +0000


Started GET "/assets/reviews.self-877aef30ae1b040ab8a3aba4e3e309a11d7f2612f44dde450b5c157aa5f95c05.js?body=1" for ::1 at 2015-11-25 09:58:21 +0000


Started GET "/restaurants/new" for ::1 at 2015-11-25 09:58:24 +0000
Processing by RestaurantsController#new as HTML
  Rendered restaurants/new.html.erb within layouts/application (27.0ms)
Completed 200 OK in 94ms (Views: 92.2ms | ActiveRecord: 0.0ms)


Started POST "/restaurants" for ::1 at 2015-11-25 09:58:32 +0000
Processing by RestaurantsController#create as HTML
  Parameters: {"utf8"=>"✓", "authenticity_token"=>"/WIGJBQPHKGZGJga37b+wWwX4pO/VKgsCq0zeVhJkoK7/vrzGxn+pCfTK9TcWaznNKDJ4J0A9z57sI8flGX9/A==", "restaurant"=>{"name"=>"re"}, "commit"=>"Create Restaurant"}
  [1m[35m (0.3ms)[0m  BEGIN
  [1m[36m (0.2ms)[0m  [1mROLLBACK[0m
  Rendered restaurants/new.html.erb within layouts/application (5.0ms)
Completed 200 OK in 128ms (Views: 75.9ms | ActiveRecord: 0.5ms)


Started POST "/restaurants" for ::1 at 2015-11-25 10:00:23 +0000
Processing by RestaurantsController#create as HTML
  Parameters: {"utf8"=>"✓", "authenticity_token"=>"nYKXxB7NrIhj0PtdWCIsrR+sn6i+E1qYt0F4yJtHgVDbHmsTEdtOjd0bSJNbzX6LRxu025xHBYrGXMSuV2vuLg==", "restaurant"=>{"name"=>"res"}, "commit"=>"Create Restaurant"}
  [1m[35m (1.5ms)[0m  BEGIN
  [1m[36mSQL (3.0ms)[0m  [1mINSERT INTO "restaurants" ("name", "created_at", "updated_at") VALUES ($1, $2, $3) RETURNING "id"[0m  [["name", "res"], ["created_at", "2015-11-25 10:00:23.305961"], ["updated_at", "2015-11-25 10:00:23.305961"]]
  [1m[35m (0.8ms)[0m  COMMIT
Redirected to http://localhost:3000/restaurants
Completed 302 Found in 16ms (ActiveRecord: 5.3ms)


Started GET "/restaurants" for ::1 at 2015-11-25 10:00:23 +0000
Processing by RestaurantsController#index as HTML
  [1m[36m (0.5ms)[0m  [1mSELECT COUNT(*) FROM "restaurants"[0m
  [1m[35mRestaurant Load (0.3ms)[0m  SELECT "restaurants".* FROM "restaurants"
  [1m[36mReview Exists (0.4ms)[0m  [1mSELECT  1 AS one FROM "reviews" WHERE "reviews"."restaurant_id" = $1 LIMIT 1[0m  [["restaurant_id", 1]]
  [1m[35mReview Load (0.4ms)[0m  SELECT "reviews".* FROM "reviews" WHERE "reviews"."restaurant_id" = $1  [["restaurant_id", 1]]
  [1m[36mReview Exists (0.5ms)[0m  [1mSELECT  1 AS one FROM "reviews" WHERE "reviews"."restaurant_id" = $1 LIMIT 1[0m  [["restaurant_id", 2]]
  [1m[35mReview Load (0.3ms)[0m  SELECT "reviews".* FROM "reviews" WHERE "reviews"."restaurant_id" = $1  [["restaurant_id", 2]]
  [1m[36mReview Exists (0.5ms)[0m  [1mSELECT  1 AS one FROM "reviews" WHERE "reviews"."restaurant_id" = $1 LIMIT 1[0m  [["restaurant_id", 3]]
  Rendered restaurants/index.html.erb within layouts/application (14.5ms)
Completed 200 OK in 93ms (Views: 87.0ms | ActiveRecord: 3.0ms)


Started GET "/restaurants/new" for ::1 at 2015-11-25 10:00:26 +0000
Processing by RestaurantsController#new as HTML
  Rendered restaurants/new.html.erb within layouts/application (3.4ms)
Completed 200 OK in 97ms (Views: 96.5ms | ActiveRecord: 0.0ms)


Started POST "/restaurants" for ::1 at 2015-11-25 10:00:30 +0000
Processing by RestaurantsController#create as HTML
  Parameters: {"utf8"=>"✓", "authenticity_token"=>"rgHAJ9uELhdUrw21KCfdC0H3zNd9VCDbr9Lr2/oMa5fonTzw1JLMEupkvnsryI8tGUDnpF8Af8nez1e9NiAE6Q==", "restaurant"=>{"name"=>"ts"}, "commit"=>"Create Restaurant"}
  [1m[35m (0.6ms)[0m  BEGIN
  [1m[36m (1.8ms)[0m  [1mROLLBACK[0m
  Rendered restaurants/new.html.erb within layouts/application (3.9ms)
Completed 200 OK in 93ms (Views: 86.4ms | ActiveRecord: 2.4ms)
  [1m[36mActiveRecord::SchemaMigration Load (0.5ms)[0m  [1mSELECT "schema_migrations".* FROM "schema_migrations"[0m
Migrating to DeviseCreateUsers (20151125101330)
  [1m[35m (0.2ms)[0m  BEGIN
  [1m[36m (78.1ms)[0m  [1mCREATE TABLE "users" ("id" serial primary key, "email" character varying DEFAULT '' NOT NULL, "encrypted_password" character varying DEFAULT '' NOT NULL, "reset_password_token" character varying, "reset_password_sent_at" timestamp, "remember_created_at" timestamp, "sign_in_count" integer DEFAULT 0 NOT NULL, "current_sign_in_at" timestamp, "last_sign_in_at" timestamp, "current_sign_in_ip" inet, "last_sign_in_ip" inet, "created_at" timestamp NOT NULL, "updated_at" timestamp NOT NULL) [0m
  [1m[35m (1.9ms)[0m  CREATE UNIQUE INDEX  "index_users_on_email" ON "users"  ("email")
  [1m[36m (1.0ms)[0m  [1mCREATE UNIQUE INDEX  "index_users_on_reset_password_token" ON "users"  ("reset_password_token")[0m
  [1m[35mSQL (2.0ms)[0m  INSERT INTO "schema_migrations" ("version") VALUES ($1)  [["version", "20151125101330"]]
  [1m[36m (12.9ms)[0m  [1mCOMMIT[0m
  [1m[35mActiveRecord::SchemaMigration Load (0.3ms)[0m  SELECT "schema_migrations".* FROM "schema_migrations"
  [1m[36m (5.4ms)[0m  [1mSELECT t2.oid::regclass::text AS to_table, a1.attname AS column, a2.attname AS primary_key, c.conname AS name, c.confupdtype AS on_update, c.confdeltype AS on_delete
FROM pg_constraint c
JOIN pg_class t1 ON c.conrelid = t1.oid
JOIN pg_class t2 ON c.confrelid = t2.oid
JOIN pg_attribute a1 ON a1.attnum = c.conkey[1] AND a1.attrelid = t1.oid
JOIN pg_attribute a2 ON a2.attnum = c.confkey[1] AND a2.attrelid = t2.oid
JOIN pg_namespace t3 ON c.connamespace = t3.oid
WHERE c.contype = 'f'
  AND t1.relname = 'restaurants'
  AND t3.nspname = ANY (current_schemas(false))
ORDER BY c.conname
[0m
  [1m[35m (3.2ms)[0m  SELECT t2.oid::regclass::text AS to_table, a1.attname AS column, a2.attname AS primary_key, c.conname AS name, c.confupdtype AS on_update, c.confdeltype AS on_delete
FROM pg_constraint c
JOIN pg_class t1 ON c.conrelid = t1.oid
JOIN pg_class t2 ON c.confrelid = t2.oid
JOIN pg_attribute a1 ON a1.attnum = c.conkey[1] AND a1.attrelid = t1.oid
JOIN pg_attribute a2 ON a2.attnum = c.confkey[1] AND a2.attrelid = t2.oid
JOIN pg_namespace t3 ON c.connamespace = t3.oid
WHERE c.contype = 'f'
  AND t1.relname = 'reviews'
  AND t3.nspname = ANY (current_schemas(false))
ORDER BY c.conname

  [1m[36m (2.5ms)[0m  [1mSELECT t2.oid::regclass::text AS to_table, a1.attname AS column, a2.attname AS primary_key, c.conname AS name, c.confupdtype AS on_update, c.confdeltype AS on_delete
FROM pg_constraint c
JOIN pg_class t1 ON c.conrelid = t1.oid
JOIN pg_class t2 ON c.confrelid = t2.oid
JOIN pg_attribute a1 ON a1.attnum = c.conkey[1] AND a1.attrelid = t1.oid
JOIN pg_attribute a2 ON a2.attnum = c.confkey[1] AND a2.attrelid = t2.oid
JOIN pg_namespace t3 ON c.connamespace = t3.oid
WHERE c.contype = 'f'
  AND t1.relname = 'users'
  AND t3.nspname = ANY (current_schemas(false))
ORDER BY c.conname
[0m


Started GET "/" for ::1 at 2015-11-25 10:17:36 +0000
  [1m[36mActiveRecord::SchemaMigration Load (0.8ms)[0m  [1mSELECT "schema_migrations".* FROM "schema_migrations"[0m
Processing by RestaurantsController#index as HTML
  [1m[35m (0.6ms)[0m  SELECT COUNT(*) FROM "restaurants"
  [1m[36mRestaurant Load (0.3ms)[0m  [1mSELECT "restaurants".* FROM "restaurants"[0m
  [1m[35mReview Exists (0.6ms)[0m  SELECT  1 AS one FROM "reviews" WHERE "reviews"."restaurant_id" = $1 LIMIT 1  [["restaurant_id", 1]]
  [1m[36mReview Load (0.3ms)[0m  [1mSELECT "reviews".* FROM "reviews" WHERE "reviews"."restaurant_id" = $1[0m  [["restaurant_id", 1]]
  [1m[35mReview Exists (0.4ms)[0m  SELECT  1 AS one FROM "reviews" WHERE "reviews"."restaurant_id" = $1 LIMIT 1  [["restaurant_id", 2]]
  [1m[36mReview Load (0.2ms)[0m  [1mSELECT "reviews".* FROM "reviews" WHERE "reviews"."restaurant_id" = $1[0m  [["restaurant_id", 2]]
  [1m[35mReview Exists (0.3ms)[0m  SELECT  1 AS one FROM "reviews" WHERE "reviews"."restaurant_id" = $1 LIMIT 1  [["restaurant_id", 3]]
  Rendered restaurants/index.html.erb within layouts/application (90.8ms)
Completed 200 OK in 510ms (Views: 473.6ms | ActiveRecord: 11.8ms)


Started GET "/users/sign_in" for ::1 at 2015-11-25 10:17:55 +0000
Processing by Devise::SessionsController#new as HTML
  Rendered devise/shared/_links.html.erb (16.3ms)
  Rendered devise/sessions/new.html.erb within layouts/application (70.4ms)
Completed 200 OK in 167ms (Views: 139.5ms | ActiveRecord: 4.1ms)
  [1m[36mActiveRecord::SchemaMigration Load (0.5ms)[0m  [1mSELECT "schema_migrations".* FROM "schema_migrations"[0m
Migrating to AddOmniauthToUsers (20151125103937)
  [1m[35m (0.2ms)[0m  BEGIN
  [1m[36m (25.6ms)[0m  [1mALTER TABLE "users" ADD "provider" character varying[0m
  [1m[35m (2.0ms)[0m  CREATE  INDEX  "index_users_on_provider" ON "users"  ("provider")
  [1m[36m (0.4ms)[0m  [1mALTER TABLE "users" ADD "uid" character varying[0m
  [1m[35m (2.4ms)[0m  CREATE  INDEX  "index_users_on_uid" ON "users"  ("uid")
  [1m[36mSQL (0.4ms)[0m  [1mINSERT INTO "schema_migrations" ("version") VALUES ($1)[0m  [["version", "20151125103937"]]
  [1m[35m (12.9ms)[0m  COMMIT
  [1m[36mActiveRecord::SchemaMigration Load (0.2ms)[0m  [1mSELECT "schema_migrations".* FROM "schema_migrations"[0m
  [1m[35m (4.1ms)[0m  SELECT t2.oid::regclass::text AS to_table, a1.attname AS column, a2.attname AS primary_key, c.conname AS name, c.confupdtype AS on_update, c.confdeltype AS on_delete
FROM pg_constraint c
JOIN pg_class t1 ON c.conrelid = t1.oid
JOIN pg_class t2 ON c.confrelid = t2.oid
JOIN pg_attribute a1 ON a1.attnum = c.conkey[1] AND a1.attrelid = t1.oid
JOIN pg_attribute a2 ON a2.attnum = c.confkey[1] AND a2.attrelid = t2.oid
JOIN pg_namespace t3 ON c.connamespace = t3.oid
WHERE c.contype = 'f'
  AND t1.relname = 'restaurants'
  AND t3.nspname = ANY (current_schemas(false))
ORDER BY c.conname

  [1m[36m (3.0ms)[0m  [1mSELECT t2.oid::regclass::text AS to_table, a1.attname AS column, a2.attname AS primary_key, c.conname AS name, c.confupdtype AS on_update, c.confdeltype AS on_delete
FROM pg_constraint c
JOIN pg_class t1 ON c.conrelid = t1.oid
JOIN pg_class t2 ON c.confrelid = t2.oid
JOIN pg_attribute a1 ON a1.attnum = c.conkey[1] AND a1.attrelid = t1.oid
JOIN pg_attribute a2 ON a2.attnum = c.confkey[1] AND a2.attrelid = t2.oid
JOIN pg_namespace t3 ON c.connamespace = t3.oid
WHERE c.contype = 'f'
  AND t1.relname = 'reviews'
  AND t3.nspname = ANY (current_schemas(false))
ORDER BY c.conname
[0m
  [1m[35m (2.7ms)[0m  SELECT t2.oid::regclass::text AS to_table, a1.attname AS column, a2.attname AS primary_key, c.conname AS name, c.confupdtype AS on_update, c.confdeltype AS on_delete
FROM pg_constraint c
JOIN pg_class t1 ON c.conrelid = t1.oid
JOIN pg_class t2 ON c.confrelid = t2.oid
JOIN pg_attribute a1 ON a1.attnum = c.conkey[1] AND a1.attrelid = t1.oid
JOIN pg_attribute a2 ON a2.attnum = c.confkey[1] AND a2.attrelid = t2.oid
JOIN pg_namespace t3 ON c.connamespace = t3.oid
WHERE c.contype = 'f'
  AND t1.relname = 'users'
  AND t3.nspname = ANY (current_schemas(false))
ORDER BY c.conname



Started GET "/" for ::1 at 2015-11-25 10:46:52 +0000
  [1m[36mActiveRecord::SchemaMigration Load (0.6ms)[0m  [1mSELECT "schema_migrations".* FROM "schema_migrations"[0m
Processing by RestaurantsController#index as HTML
  [1m[35m (0.4ms)[0m  SELECT COUNT(*) FROM "restaurants"
  [1m[36mRestaurant Load (0.3ms)[0m  [1mSELECT "restaurants".* FROM "restaurants"[0m
  [1m[35mReview Exists (5.9ms)[0m  SELECT  1 AS one FROM "reviews" WHERE "reviews"."restaurant_id" = $1 LIMIT 1  [["restaurant_id", 1]]
  [1m[36mReview Load (0.3ms)[0m  [1mSELECT "reviews".* FROM "reviews" WHERE "reviews"."restaurant_id" = $1[0m  [["restaurant_id", 1]]
  [1m[35mReview Exists (0.4ms)[0m  SELECT  1 AS one FROM "reviews" WHERE "reviews"."restaurant_id" = $1 LIMIT 1  [["restaurant_id", 2]]
  [1m[36mReview Load (0.2ms)[0m  [1mSELECT "reviews".* FROM "reviews" WHERE "reviews"."restaurant_id" = $1[0m  [["restaurant_id", 2]]
  [1m[35mReview Exists (0.3ms)[0m  SELECT  1 AS one FROM "reviews" WHERE "reviews"."restaurant_id" = $1 LIMIT 1  [["restaurant_id", 3]]
  Rendered restaurants/index.html.erb within layouts/application (120.2ms)
Completed 500 Internal Server Error in 251ms (ActiveRecord: 13.5ms)

SyntaxError (/Users/ivansathianathan/Projects/Rails/Wednesday/yelp-clone/app/views/layouts/application.html.erb:18: syntax error, unexpected tIDENTIFIER, expecting ')'
<p class="notice">'.freeze;@output_buffer.app...
                ^
/Users/ivansathianathan/Projects/Rails/Wednesday/yelp-clone/app/views/layouts/application.html.erb:19: syntax error, unexpected tIDENTIFIER, expecting ')'
<p class="alert">'.freeze;@output_buffer.app...
               ^
/Users/ivansathianathan/Projects/Rails/Wednesday/yelp-clone/app/views/layouts/application.html.erb:19: unterminated string meets end of file
/Users/ivansathianathan/Projects/Rails/Wednesday/yelp-clone/app/views/layouts/application.html.erb:19: syntax error, unexpected end-of-input, expecting ')'):
  app/views/layouts/application.html.erb:18: syntax error, unexpected tIDENTIFIER, expecting ')'
  app/views/layouts/application.html.erb:19: syntax error, unexpected tIDENTIFIER, expecting ')'
  app/views/layouts/application.html.erb:19: unterminated string meets end of file
  app/views/layouts/application.html.erb:19: syntax error, unexpected end-of-input, expecting ')'


  Rendered /Users/ivansathianathan/.rvm/gems/ruby-2.2.3/gems/actionpack-4.2.5/lib/action_dispatch/middleware/templates/rescues/_source.erb (12.0ms)
  Rendered /Users/ivansathianathan/.rvm/gems/ruby-2.2.3/gems/actionpack-4.2.5/lib/action_dispatch/middleware/templates/rescues/_trace.html.erb (5.7ms)
  Rendered /Users/ivansathianathan/.rvm/gems/ruby-2.2.3/gems/actionpack-4.2.5/lib/action_dispatch/middleware/templates/rescues/_request_and_response.html.erb (1.4ms)
  Rendered /Users/ivansathianathan/.rvm/gems/ruby-2.2.3/gems/actionpack-4.2.5/lib/action_dispatch/middleware/templates/rescues/diagnostics.html.erb within rescues/layout (124.5ms)
  Rendered /Users/ivansathianathan/.rvm/gems/ruby-2.2.3/gems/web-console-2.2.1/lib/web_console/templates/_markup.html.erb (0.6ms)
  Rendered /Users/ivansathianathan/.rvm/gems/ruby-2.2.3/gems/web-console-2.2.1/lib/web_console/templates/_inner_console_markup.html.erb within layouts/inlined_string (0.5ms)
  Rendered /Users/ivansathianathan/.rvm/gems/ruby-2.2.3/gems/web-console-2.2.1/lib/web_console/templates/_prompt_box_markup.html.erb within layouts/inlined_string (0.4ms)
  Rendered /Users/ivansathianathan/.rvm/gems/ruby-2.2.3/gems/web-console-2.2.1/lib/web_console/templates/style.css.erb within layouts/inlined_string (0.5ms)
  Rendered /Users/ivansathianathan/.rvm/gems/ruby-2.2.3/gems/web-console-2.2.1/lib/web_console/templates/console.js.erb within layouts/javascript (106.0ms)
  Rendered /Users/ivansathianathan/.rvm/gems/ruby-2.2.3/gems/web-console-2.2.1/lib/web_console/templates/main.js.erb within layouts/javascript (0.5ms)
  Rendered /Users/ivansathianathan/.rvm/gems/ruby-2.2.3/gems/web-console-2.2.1/lib/web_console/templates/error_page.js.erb within layouts/javascript (0.6ms)
  Rendered /Users/ivansathianathan/.rvm/gems/ruby-2.2.3/gems/web-console-2.2.1/lib/web_console/templates/index.html.erb (231.4ms)


Started GET "/" for ::1 at 2015-11-25 10:48:34 +0000
  [1m[36mActiveRecord::SchemaMigration Load (0.9ms)[0m  [1mSELECT "schema_migrations".* FROM "schema_migrations"[0m
Processing by RestaurantsController#index as HTML
  [1m[35m (0.5ms)[0m  SELECT COUNT(*) FROM "restaurants"
  [1m[36mRestaurant Load (0.3ms)[0m  [1mSELECT "restaurants".* FROM "restaurants"[0m
  [1m[35mReview Exists (0.6ms)[0m  SELECT  1 AS one FROM "reviews" WHERE "reviews"."restaurant_id" = $1 LIMIT 1  [["restaurant_id", 1]]
  [1m[36mReview Load (0.3ms)[0m  [1mSELECT "reviews".* FROM "reviews" WHERE "reviews"."restaurant_id" = $1[0m  [["restaurant_id", 1]]
  [1m[35mReview Exists (0.4ms)[0m  SELECT  1 AS one FROM "reviews" WHERE "reviews"."restaurant_id" = $1 LIMIT 1  [["restaurant_id", 2]]
  [1m[36mReview Load (0.2ms)[0m  [1mSELECT "reviews".* FROM "reviews" WHERE "reviews"."restaurant_id" = $1[0m  [["restaurant_id", 2]]
  [1m[35mReview Exists (0.3ms)[0m  SELECT  1 AS one FROM "reviews" WHERE "reviews"."restaurant_id" = $1 LIMIT 1  [["restaurant_id", 3]]
  Rendered restaurants/index.html.erb within layouts/application (108.6ms)
Completed 500 Internal Server Error in 169ms (ActiveRecord: 8.5ms)

SyntaxError (/Users/ivansathianathan/Projects/Rails/Wednesday/yelp-clone/app/views/layouts/application.html.erb:18: syntax error, unexpected tIDENTIFIER, expecting ')'
<p class="notice"> '.freeze;@output_buffer.ap...
                ^
/Users/ivansathianathan/Projects/Rails/Wednesday/yelp-clone/app/views/layouts/application.html.erb:19: syntax error, unexpected tIDENTIFIER, expecting ')'
<p class="alert"> '.freeze;@output_buffer.ap...
               ^
/Users/ivansathianathan/Projects/Rails/Wednesday/yelp-clone/app/views/layouts/application.html.erb:19: unterminated string meets end of file
/Users/ivansathianathan/Projects/Rails/Wednesday/yelp-clone/app/views/layouts/application.html.erb:19: syntax error, unexpected end-of-input, expecting ')'):
  app/views/layouts/application.html.erb:18: syntax error, unexpected tIDENTIFIER, expecting ')'
  app/views/layouts/application.html.erb:19: syntax error, unexpected tIDENTIFIER, expecting ')'
  app/views/layouts/application.html.erb:19: unterminated string meets end of file
  app/views/layouts/application.html.erb:19: syntax error, unexpected end-of-input, expecting ')'


  Rendered /Users/ivansathianathan/.rvm/gems/ruby-2.2.3/gems/actionpack-4.2.5/lib/action_dispatch/middleware/templates/rescues/_source.erb (13.2ms)
  Rendered /Users/ivansathianathan/.rvm/gems/ruby-2.2.3/gems/actionpack-4.2.5/lib/action_dispatch/middleware/templates/rescues/_trace.html.erb (8.4ms)
  Rendered /Users/ivansathianathan/.rvm/gems/ruby-2.2.3/gems/actionpack-4.2.5/lib/action_dispatch/middleware/templates/rescues/_request_and_response.html.erb (1.3ms)
  Rendered /Users/ivansathianathan/.rvm/gems/ruby-2.2.3/gems/actionpack-4.2.5/lib/action_dispatch/middleware/templates/rescues/diagnostics.html.erb within rescues/layout (127.4ms)
  Rendered /Users/ivansathianathan/.rvm/gems/ruby-2.2.3/gems/web-console-2.2.1/lib/web_console/templates/_markup.html.erb (0.6ms)
  Rendered /Users/ivansathianathan/.rvm/gems/ruby-2.2.3/gems/web-console-2.2.1/lib/web_console/templates/_inner_console_markup.html.erb within layouts/inlined_string (0.5ms)
  Rendered /Users/ivansathianathan/.rvm/gems/ruby-2.2.3/gems/web-console-2.2.1/lib/web_console/templates/_prompt_box_markup.html.erb within layouts/inlined_string (0.4ms)
  Rendered /Users/ivansathianathan/.rvm/gems/ruby-2.2.3/gems/web-console-2.2.1/lib/web_console/templates/style.css.erb within layouts/inlined_string (0.5ms)
  Rendered /Users/ivansathianathan/.rvm/gems/ruby-2.2.3/gems/web-console-2.2.1/lib/web_console/templates/console.js.erb within layouts/javascript (92.6ms)
  Rendered /Users/ivansathianathan/.rvm/gems/ruby-2.2.3/gems/web-console-2.2.1/lib/web_console/templates/main.js.erb within layouts/javascript (0.4ms)
  Rendered /Users/ivansathianathan/.rvm/gems/ruby-2.2.3/gems/web-console-2.2.1/lib/web_console/templates/error_page.js.erb within layouts/javascript (0.6ms)
  Rendered /Users/ivansathianathan/.rvm/gems/ruby-2.2.3/gems/web-console-2.2.1/lib/web_console/templates/index.html.erb (217.7ms)


Started GET "/" for ::1 at 2015-11-25 10:49:57 +0000
  [1m[36mActiveRecord::SchemaMigration Load (0.7ms)[0m  [1mSELECT "schema_migrations".* FROM "schema_migrations"[0m
Processing by RestaurantsController#index as HTML
  [1m[35m (0.4ms)[0m  SELECT COUNT(*) FROM "restaurants"
  [1m[36mRestaurant Load (0.4ms)[0m  [1mSELECT "restaurants".* FROM "restaurants"[0m
  [1m[35mReview Exists (0.6ms)[0m  SELECT  1 AS one FROM "reviews" WHERE "reviews"."restaurant_id" = $1 LIMIT 1  [["restaurant_id", 1]]
  [1m[36mReview Load (0.3ms)[0m  [1mSELECT "reviews".* FROM "reviews" WHERE "reviews"."restaurant_id" = $1[0m  [["restaurant_id", 1]]
  [1m[35mReview Exists (0.4ms)[0m  SELECT  1 AS one FROM "reviews" WHERE "reviews"."restaurant_id" = $1 LIMIT 1  [["restaurant_id", 2]]
  [1m[36mReview Load (0.2ms)[0m  [1mSELECT "reviews".* FROM "reviews" WHERE "reviews"."restaurant_id" = $1[0m  [["restaurant_id", 2]]
  [1m[35mReview Exists (0.4ms)[0m  SELECT  1 AS one FROM "reviews" WHERE "reviews"."restaurant_id" = $1 LIMIT 1  [["restaurant_id", 3]]
  Rendered restaurants/index.html.erb within layouts/application (109.2ms)
Completed 500 Internal Server Error in 157ms (ActiveRecord: 8.5ms)

SyntaxError (/Users/ivansathianathan/Projects/Rails/Wednesday/yelp-clone/app/views/layouts/application.html.erb:18: syntax error, unexpected tIDENTIFIER, expecting ')'
<!-- <p class="notice"> '.freeze;@output_buffer.ap...
                     ^
/Users/ivansathianathan/Projects/Rails/Wednesday/yelp-clone/app/views/layouts/application.html.erb:19: syntax error, unexpected tIDENTIFIER, expecting ')'
<p class="alert"> '.freeze;@output_buffer.ap...
               ^
/Users/ivansathianathan/Projects/Rails/Wednesday/yelp-clone/app/views/layouts/application.html.erb:19: unterminated string meets end of file
/Users/ivansathianathan/Projects/Rails/Wednesday/yelp-clone/app/views/layouts/application.html.erb:19: syntax error, unexpected end-of-input, expecting ')'):
  app/views/layouts/application.html.erb:18: syntax error, unexpected tIDENTIFIER, expecting ')'
  app/views/layouts/application.html.erb:19: syntax error, unexpected tIDENTIFIER, expecting ')'
  app/views/layouts/application.html.erb:19: unterminated string meets end of file
  app/views/layouts/application.html.erb:19: syntax error, unexpected end-of-input, expecting ')'


  Rendered /Users/ivansathianathan/.rvm/gems/ruby-2.2.3/gems/actionpack-4.2.5/lib/action_dispatch/middleware/templates/rescues/_source.erb (11.5ms)
  Rendered /Users/ivansathianathan/.rvm/gems/ruby-2.2.3/gems/actionpack-4.2.5/lib/action_dispatch/middleware/templates/rescues/_trace.html.erb (6.1ms)
  Rendered /Users/ivansathianathan/.rvm/gems/ruby-2.2.3/gems/actionpack-4.2.5/lib/action_dispatch/middleware/templates/rescues/_request_and_response.html.erb (1.4ms)
  Rendered /Users/ivansathianathan/.rvm/gems/ruby-2.2.3/gems/actionpack-4.2.5/lib/action_dispatch/middleware/templates/rescues/diagnostics.html.erb within rescues/layout (133.8ms)
  Rendered /Users/ivansathianathan/.rvm/gems/ruby-2.2.3/gems/web-console-2.2.1/lib/web_console/templates/_markup.html.erb (0.7ms)
  Rendered /Users/ivansathianathan/.rvm/gems/ruby-2.2.3/gems/web-console-2.2.1/lib/web_console/templates/_inner_console_markup.html.erb within layouts/inlined_string (0.6ms)
  Rendered /Users/ivansathianathan/.rvm/gems/ruby-2.2.3/gems/web-console-2.2.1/lib/web_console/templates/_prompt_box_markup.html.erb within layouts/inlined_string (0.5ms)
  Rendered /Users/ivansathianathan/.rvm/gems/ruby-2.2.3/gems/web-console-2.2.1/lib/web_console/templates/style.css.erb within layouts/inlined_string (0.5ms)
  Rendered /Users/ivansathianathan/.rvm/gems/ruby-2.2.3/gems/web-console-2.2.1/lib/web_console/templates/console.js.erb within layouts/javascript (98.0ms)
  Rendered /Users/ivansathianathan/.rvm/gems/ruby-2.2.3/gems/web-console-2.2.1/lib/web_console/templates/main.js.erb within layouts/javascript (0.5ms)
  Rendered /Users/ivansathianathan/.rvm/gems/ruby-2.2.3/gems/web-console-2.2.1/lib/web_console/templates/error_page.js.erb within layouts/javascript (1.0ms)
  Rendered /Users/ivansathianathan/.rvm/gems/ruby-2.2.3/gems/web-console-2.2.1/lib/web_console/templates/index.html.erb (222.0ms)


Started GET "/" for ::1 at 2015-11-25 10:51:28 +0000
  [1m[36mActiveRecord::SchemaMigration Load (0.9ms)[0m  [1mSELECT "schema_migrations".* FROM "schema_migrations"[0m
Processing by RestaurantsController#index as HTML
  [1m[35m (0.7ms)[0m  SELECT COUNT(*) FROM "restaurants"
  [1m[36mRestaurant Load (0.7ms)[0m  [1mSELECT "restaurants".* FROM "restaurants"[0m
  [1m[35mReview Exists (0.6ms)[0m  SELECT  1 AS one FROM "reviews" WHERE "reviews"."restaurant_id" = $1 LIMIT 1  [["restaurant_id", 1]]
  [1m[36mReview Load (0.3ms)[0m  [1mSELECT "reviews".* FROM "reviews" WHERE "reviews"."restaurant_id" = $1[0m  [["restaurant_id", 1]]
  [1m[35mReview Exists (0.4ms)[0m  SELECT  1 AS one FROM "reviews" WHERE "reviews"."restaurant_id" = $1 LIMIT 1  [["restaurant_id", 2]]
  [1m[36mReview Load (0.2ms)[0m  [1mSELECT "reviews".* FROM "reviews" WHERE "reviews"."restaurant_id" = $1[0m  [["restaurant_id", 2]]
  [1m[35mReview Exists (0.4ms)[0m  SELECT  1 AS one FROM "reviews" WHERE "reviews"."restaurant_id" = $1 LIMIT 1  [["restaurant_id", 3]]
  Rendered restaurants/index.html.erb within layouts/application (100.0ms)
Completed 500 Internal Server Error in 160ms (ActiveRecord: 9.3ms)

SyntaxError (/Users/ivansathianathan/Projects/Rails/Wednesday/yelp-clone/app/views/layouts/application.html.erb:18: syntax error, unexpected tIDENTIFIER, expecting ')'
<p class="notice"> '.freeze;@output_buffer.ap...
                ^
/Users/ivansathianathan/Projects/Rails/Wednesday/yelp-clone/app/views/layouts/application.html.erb:19: syntax error, unexpected tIDENTIFIER, expecting ')'
<p class="alert"> '.freeze;@output_buffer.ap...
               ^
/Users/ivansathianathan/Projects/Rails/Wednesday/yelp-clone/app/views/layouts/application.html.erb:19: unterminated string meets end of file
/Users/ivansathianathan/Projects/Rails/Wednesday/yelp-clone/app/views/layouts/application.html.erb:19: syntax error, unexpected end-of-input, expecting ')'):
  app/views/layouts/application.html.erb:18: syntax error, unexpected tIDENTIFIER, expecting ')'
  app/views/layouts/application.html.erb:19: syntax error, unexpected tIDENTIFIER, expecting ')'
  app/views/layouts/application.html.erb:19: unterminated string meets end of file
  app/views/layouts/application.html.erb:19: syntax error, unexpected end-of-input, expecting ')'


  Rendered /Users/ivansathianathan/.rvm/gems/ruby-2.2.3/gems/actionpack-4.2.5/lib/action_dispatch/middleware/templates/rescues/_source.erb (11.8ms)
  Rendered /Users/ivansathianathan/.rvm/gems/ruby-2.2.3/gems/actionpack-4.2.5/lib/action_dispatch/middleware/templates/rescues/_trace.html.erb (6.4ms)
  Rendered /Users/ivansathianathan/.rvm/gems/ruby-2.2.3/gems/actionpack-4.2.5/lib/action_dispatch/middleware/templates/rescues/_request_and_response.html.erb (1.4ms)
  Rendered /Users/ivansathianathan/.rvm/gems/ruby-2.2.3/gems/actionpack-4.2.5/lib/action_dispatch/middleware/templates/rescues/diagnostics.html.erb within rescues/layout (124.1ms)
  Rendered /Users/ivansathianathan/.rvm/gems/ruby-2.2.3/gems/web-console-2.2.1/lib/web_console/templates/_markup.html.erb (0.5ms)
  Rendered /Users/ivansathianathan/.rvm/gems/ruby-2.2.3/gems/web-console-2.2.1/lib/web_console/templates/_inner_console_markup.html.erb within layouts/inlined_string (0.5ms)
  Rendered /Users/ivansathianathan/.rvm/gems/ruby-2.2.3/gems/web-console-2.2.1/lib/web_console/templates/_prompt_box_markup.html.erb within layouts/inlined_string (0.6ms)
  Rendered /Users/ivansathianathan/.rvm/gems/ruby-2.2.3/gems/web-console-2.2.1/lib/web_console/templates/style.css.erb within layouts/inlined_string (0.5ms)
  Rendered /Users/ivansathianathan/.rvm/gems/ruby-2.2.3/gems/web-console-2.2.1/lib/web_console/templates/console.js.erb within layouts/javascript (96.8ms)
  Rendered /Users/ivansathianathan/.rvm/gems/ruby-2.2.3/gems/web-console-2.2.1/lib/web_console/templates/main.js.erb within layouts/javascript (0.4ms)
  Rendered /Users/ivansathianathan/.rvm/gems/ruby-2.2.3/gems/web-console-2.2.1/lib/web_console/templates/error_page.js.erb within layouts/javascript (0.6ms)
  Rendered /Users/ivansathianathan/.rvm/gems/ruby-2.2.3/gems/web-console-2.2.1/lib/web_console/templates/index.html.erb (213.4ms)


Started GET "/" for ::1 at 2015-11-25 10:51:34 +0000
Processing by RestaurantsController#index as HTML
  [1m[36m (0.4ms)[0m  [1mSELECT COUNT(*) FROM "restaurants"[0m
  [1m[35mRestaurant Load (0.2ms)[0m  SELECT "restaurants".* FROM "restaurants"
  [1m[36mReview Exists (0.3ms)[0m  [1mSELECT  1 AS one FROM "reviews" WHERE "reviews"."restaurant_id" = $1 LIMIT 1[0m  [["restaurant_id", 1]]
  [1m[35mReview Load (0.2ms)[0m  SELECT "reviews".* FROM "reviews" WHERE "reviews"."restaurant_id" = $1  [["restaurant_id", 1]]
  [1m[36mReview Exists (0.3ms)[0m  [1mSELECT  1 AS one FROM "reviews" WHERE "reviews"."restaurant_id" = $1 LIMIT 1[0m  [["restaurant_id", 2]]
  [1m[35mReview Load (0.3ms)[0m  SELECT "reviews".* FROM "reviews" WHERE "reviews"."restaurant_id" = $1  [["restaurant_id", 2]]
  [1m[36mReview Exists (0.3ms)[0m  [1mSELECT  1 AS one FROM "reviews" WHERE "reviews"."restaurant_id" = $1 LIMIT 1[0m  [["restaurant_id", 3]]
  Rendered restaurants/index.html.erb within layouts/application (10.4ms)
Completed 500 Internal Server Error in 22ms (ActiveRecord: 2.0ms)

SyntaxError (/Users/ivansathianathan/Projects/Rails/Wednesday/yelp-clone/app/views/layouts/application.html.erb:18: syntax error, unexpected tIDENTIFIER, expecting ')'
<p class="notice"> '.freeze;@output_buffer.ap...
                ^
/Users/ivansathianathan/Projects/Rails/Wednesday/yelp-clone/app/views/layouts/application.html.erb:19: syntax error, unexpected tIDENTIFIER, expecting ')'
<p class="alert"> '.freeze;@output_buffer.ap...
               ^
/Users/ivansathianathan/Projects/Rails/Wednesday/yelp-clone/app/views/layouts/application.html.erb:19: unterminated string meets end of file
/Users/ivansathianathan/Projects/Rails/Wednesday/yelp-clone/app/views/layouts/application.html.erb:19: syntax error, unexpected end-of-input, expecting ')'):
  app/views/layouts/application.html.erb:18: syntax error, unexpected tIDENTIFIER, expecting ')'
  app/views/layouts/application.html.erb:19: syntax error, unexpected tIDENTIFIER, expecting ')'
  app/views/layouts/application.html.erb:19: unterminated string meets end of file
  app/views/layouts/application.html.erb:19: syntax error, unexpected end-of-input, expecting ')'


  Rendered /Users/ivansathianathan/.rvm/gems/ruby-2.2.3/gems/actionpack-4.2.5/lib/action_dispatch/middleware/templates/rescues/_source.erb (11.1ms)
  Rendered /Users/ivansathianathan/.rvm/gems/ruby-2.2.3/gems/actionpack-4.2.5/lib/action_dispatch/middleware/templates/rescues/_trace.html.erb (6.1ms)
  Rendered /Users/ivansathianathan/.rvm/gems/ruby-2.2.3/gems/actionpack-4.2.5/lib/action_dispatch/middleware/templates/rescues/_request_and_response.html.erb (1.3ms)
  Rendered /Users/ivansathianathan/.rvm/gems/ruby-2.2.3/gems/actionpack-4.2.5/lib/action_dispatch/middleware/templates/rescues/diagnostics.html.erb within rescues/layout (113.6ms)
  Rendered /Users/ivansathianathan/.rvm/gems/ruby-2.2.3/gems/web-console-2.2.1/lib/web_console/templates/_markup.html.erb (0.5ms)
  Rendered /Users/ivansathianathan/.rvm/gems/ruby-2.2.3/gems/web-console-2.2.1/lib/web_console/templates/_inner_console_markup.html.erb within layouts/inlined_string (0.6ms)
  Rendered /Users/ivansathianathan/.rvm/gems/ruby-2.2.3/gems/web-console-2.2.1/lib/web_console/templates/_prompt_box_markup.html.erb within layouts/inlined_string (0.4ms)
  Rendered /Users/ivansathianathan/.rvm/gems/ruby-2.2.3/gems/web-console-2.2.1/lib/web_console/templates/style.css.erb within layouts/inlined_string (0.6ms)
  Rendered /Users/ivansathianathan/.rvm/gems/ruby-2.2.3/gems/web-console-2.2.1/lib/web_console/templates/console.js.erb within layouts/javascript (95.5ms)
  Rendered /Users/ivansathianathan/.rvm/gems/ruby-2.2.3/gems/web-console-2.2.1/lib/web_console/templates/main.js.erb within layouts/javascript (0.5ms)
  Rendered /Users/ivansathianathan/.rvm/gems/ruby-2.2.3/gems/web-console-2.2.1/lib/web_console/templates/error_page.js.erb within layouts/javascript (0.6ms)
  Rendered /Users/ivansathianathan/.rvm/gems/ruby-2.2.3/gems/web-console-2.2.1/lib/web_console/templates/index.html.erb (213.0ms)


Started GET "/" for ::1 at 2015-11-25 10:52:39 +0000
  [1m[36mActiveRecord::SchemaMigration Load (0.6ms)[0m  [1mSELECT "schema_migrations".* FROM "schema_migrations"[0m
Processing by RestaurantsController#index as HTML
  [1m[35m (0.5ms)[0m  SELECT COUNT(*) FROM "restaurants"
  [1m[36mRestaurant Load (0.3ms)[0m  [1mSELECT "restaurants".* FROM "restaurants"[0m
  [1m[35mReview Exists (6.5ms)[0m  SELECT  1 AS one FROM "reviews" WHERE "reviews"."restaurant_id" = $1 LIMIT 1  [["restaurant_id", 1]]
  [1m[36mReview Load (0.3ms)[0m  [1mSELECT "reviews".* FROM "reviews" WHERE "reviews"."restaurant_id" = $1[0m  [["restaurant_id", 1]]
  [1m[35mReview Exists (0.4ms)[0m  SELECT  1 AS one FROM "reviews" WHERE "reviews"."restaurant_id" = $1 LIMIT 1  [["restaurant_id", 2]]
  [1m[36mReview Load (0.7ms)[0m  [1mSELECT "reviews".* FROM "reviews" WHERE "reviews"."restaurant_id" = $1[0m  [["restaurant_id", 2]]
  [1m[35mReview Exists (0.3ms)[0m  SELECT  1 AS one FROM "reviews" WHERE "reviews"."restaurant_id" = $1 LIMIT 1  [["restaurant_id", 3]]
  Rendered restaurants/index.html.erb within layouts/application (126.9ms)
Completed 200 OK in 507ms (Views: 461.3ms | ActiveRecord: 14.5ms)


Started GET "/users/auth/facebook" for ::1 at 2015-11-25 10:52:45 +0000


Started GET "/users/auth/facebook" for ::1 at 2015-11-25 10:52:45 +0000


Started GET "/" for ::1 at 2015-11-25 10:54:53 +0000
  [1m[36mActiveRecord::SchemaMigration Load (0.6ms)[0m  [1mSELECT "schema_migrations".* FROM "schema_migrations"[0m
Processing by RestaurantsController#index as HTML
  [1m[35m (0.7ms)[0m  SELECT COUNT(*) FROM "restaurants"
  [1m[36mRestaurant Load (0.4ms)[0m  [1mSELECT "restaurants".* FROM "restaurants"[0m
  [1m[35mReview Exists (0.7ms)[0m  SELECT  1 AS one FROM "reviews" WHERE "reviews"."restaurant_id" = $1 LIMIT 1  [["restaurant_id", 1]]
  [1m[36mReview Load (0.3ms)[0m  [1mSELECT "reviews".* FROM "reviews" WHERE "reviews"."restaurant_id" = $1[0m  [["restaurant_id", 1]]
  [1m[35mReview Exists (0.4ms)[0m  SELECT  1 AS one FROM "reviews" WHERE "reviews"."restaurant_id" = $1 LIMIT 1  [["restaurant_id", 2]]
  [1m[36mReview Load (3.9ms)[0m  [1mSELECT "reviews".* FROM "reviews" WHERE "reviews"."restaurant_id" = $1[0m  [["restaurant_id", 2]]
  [1m[35mReview Exists (0.3ms)[0m  SELECT  1 AS one FROM "reviews" WHERE "reviews"."restaurant_id" = $1 LIMIT 1  [["restaurant_id", 3]]
  Rendered restaurants/index.html.erb within layouts/application (160.8ms)
Completed 200 OK in 570ms (Views: 522.4ms | ActiveRecord: 17.0ms)


Started GET "/users/auth/facebook" for ::1 at 2015-11-25 10:54:57 +0000


Started GET "/users/auth/facebook" for ::1 at 2015-11-25 10:54:57 +0000


Started GET "/users/auth/facebook/callback?code=AQDsa7dHn-NmqpTX7H09SwLFOweIehYTV9xBXHGnuO-e7DZDYsR-4BAR39SYERM84hAOXnRU6ZyY3YZdbkuEXS10l2oyPv8cIZMpRVYCITrenZX5m5FO3czkjzFSIXiQPqp1lcXB2GrpHprm1OeAXGJ-WYiijJNNyMIzCW5wdX_5Xq2Gu5DOYd8yZ6uyeDiuNMSWRc6iKwEoHKK_vvkDEn4helXb4_60jOfxGU5PQ8zM48gtY9AwR1bov8BV5JAXQ7u5maWDhYYL_swehYQLqh3umsM6TCuLz72bRxmLnd35FVbQof19MEx_6x80_EiaiGo&state=2cdc933fdc3e143a205d37e7f754ab83aab1e64179972ca4" for ::1 at 2015-11-25 10:55:13 +0000

AbstractController::ActionNotFound (The action 'facebook' could not be found for Devise::OmniauthCallbacksController):
  actionpack (4.2.5) lib/abstract_controller/base.rb:132:in `process'
  actionview (4.2.5) lib/action_view/rendering.rb:30:in `process'
  actionpack (4.2.5) lib/action_controller/metal.rb:196:in `dispatch'
  actionpack (4.2.5) lib/action_controller/metal/rack_delegation.rb:13:in `dispatch'
  actionpack (4.2.5) lib/action_controller/metal.rb:237:in `block in action'
  actionpack (4.2.5) lib/action_dispatch/routing/route_set.rb:76:in `call'
  actionpack (4.2.5) lib/action_dispatch/routing/route_set.rb:76:in `dispatch'
  actionpack (4.2.5) lib/action_dispatch/routing/route_set.rb:45:in `serve'
  actionpack (4.2.5) lib/action_dispatch/routing/mapper.rb:49:in `serve'
  actionpack (4.2.5) lib/action_dispatch/journey/router.rb:43:in `block in serve'
  actionpack (4.2.5) lib/action_dispatch/journey/router.rb:30:in `each'
  actionpack (4.2.5) lib/action_dispatch/journey/router.rb:30:in `serve'
  actionpack (4.2.5) lib/action_dispatch/routing/route_set.rb:817:in `call'
  omniauth (1.2.2) lib/omniauth/strategy.rb:404:in `call_app!'
  omniauth (1.2.2) lib/omniauth/strategy.rb:362:in `callback_phase'
  omniauth-oauth2 (1.4.0) lib/omniauth/strategies/oauth2.rb:75:in `callback_phase'
  omniauth-facebook (3.0.0) lib/omniauth/strategies/facebook.rb:71:in `block in callback_phase'
  omniauth-facebook (3.0.0) lib/omniauth/strategies/facebook.rb:135:in `with_authorization_code!'
  omniauth-facebook (3.0.0) lib/omniauth/strategies/facebook.rb:70:in `callback_phase'
  omniauth (1.2.2) lib/omniauth/strategy.rb:227:in `callback_call'
  omniauth (1.2.2) lib/omniauth/strategy.rb:184:in `call!'
  omniauth (1.2.2) lib/omniauth/strategy.rb:164:in `call'
  warden (1.2.3) lib/warden/manager.rb:35:in `block in call'
  warden (1.2.3) lib/warden/manager.rb:34:in `catch'
  warden (1.2.3) lib/warden/manager.rb:34:in `call'
  rack (1.6.4) lib/rack/etag.rb:24:in `call'
  rack (1.6.4) lib/rack/conditionalget.rb:25:in `call'
  rack (1.6.4) lib/rack/head.rb:13:in `call'
  actionpack (4.2.5) lib/action_dispatch/middleware/params_parser.rb:27:in `call'
  actionpack (4.2.5) lib/action_dispatch/middleware/flash.rb:260:in `call'
  rack (1.6.4) lib/rack/session/abstract/id.rb:225:in `context'
  rack (1.6.4) lib/rack/session/abstract/id.rb:220:in `call'
  actionpack (4.2.5) lib/action_dispatch/middleware/cookies.rb:560:in `call'
  activerecord (4.2.5) lib/active_record/query_cache.rb:36:in `call'
  activerecord (4.2.5) lib/active_record/connection_adapters/abstract/connection_pool.rb:653:in `call'
  activerecord (4.2.5) lib/active_record/migration.rb:377:in `call'
  actionpack (4.2.5) lib/action_dispatch/middleware/callbacks.rb:29:in `block in call'
  activesupport (4.2.5) lib/active_support/callbacks.rb:88:in `__run_callbacks__'
  activesupport (4.2.5) lib/active_support/callbacks.rb:778:in `_run_call_callbacks'
  activesupport (4.2.5) lib/active_support/callbacks.rb:81:in `run_callbacks'
  actionpack (4.2.5) lib/action_dispatch/middleware/callbacks.rb:27:in `call'
  actionpack (4.2.5) lib/action_dispatch/middleware/reloader.rb:73:in `call'
  actionpack (4.2.5) lib/action_dispatch/middleware/remote_ip.rb:78:in `call'
  actionpack (4.2.5) lib/action_dispatch/middleware/debug_exceptions.rb:17:in `call'
  web-console (2.2.1) lib/web_console/middleware.rb:39:in `call'
  actionpack (4.2.5) lib/action_dispatch/middleware/show_exceptions.rb:30:in `call'
  railties (4.2.5) lib/rails/rack/logger.rb:38:in `call_app'
  railties (4.2.5) lib/rails/rack/logger.rb:20:in `block in call'
  activesupport (4.2.5) lib/active_support/tagged_logging.rb:68:in `block in tagged'
  activesupport (4.2.5) lib/active_support/tagged_logging.rb:26:in `tagged'
  activesupport (4.2.5) lib/active_support/tagged_logging.rb:68:in `tagged'
  railties (4.2.5) lib/rails/rack/logger.rb:20:in `call'
  actionpack (4.2.5) lib/action_dispatch/middleware/request_id.rb:21:in `call'
  rack (1.6.4) lib/rack/methodoverride.rb:22:in `call'
  rack (1.6.4) lib/rack/runtime.rb:18:in `call'
  activesupport (4.2.5) lib/active_support/cache/strategy/local_cache_middleware.rb:28:in `call'
  rack (1.6.4) lib/rack/lock.rb:17:in `call'
  actionpack (4.2.5) lib/action_dispatch/middleware/static.rb:116:in `call'
  rack (1.6.4) lib/rack/sendfile.rb:113:in `call'
  railties (4.2.5) lib/rails/engine.rb:518:in `call'
  railties (4.2.5) lib/rails/application.rb:165:in `call'
  rack (1.6.4) lib/rack/lock.rb:17:in `call'
  rack (1.6.4) lib/rack/content_length.rb:15:in `call'
  rack (1.6.4) lib/rack/handler/webrick.rb:88:in `service'
  /Users/ivansathianathan/.rvm/rubies/ruby-2.2.3/lib/ruby/2.2.0/webrick/httpserver.rb:138:in `service'
  /Users/ivansathianathan/.rvm/rubies/ruby-2.2.3/lib/ruby/2.2.0/webrick/httpserver.rb:94:in `run'
  /Users/ivansathianathan/.rvm/rubies/ruby-2.2.3/lib/ruby/2.2.0/webrick/server.rb:294:in `block in start_thread'


  Rendered /Users/ivansathianathan/.rvm/gems/ruby-2.2.3/gems/actionpack-4.2.5/lib/action_dispatch/middleware/templates/rescues/unknown_action.html.erb within rescues/layout (0.6ms)
  Rendered /Users/ivansathianathan/.rvm/gems/ruby-2.2.3/gems/web-console-2.2.1/lib/web_console/templates/_markup.html.erb (0.6ms)
  Rendered /Users/ivansathianathan/.rvm/gems/ruby-2.2.3/gems/web-console-2.2.1/lib/web_console/templates/_inner_console_markup.html.erb within layouts/inlined_string (0.5ms)
  Rendered /Users/ivansathianathan/.rvm/gems/ruby-2.2.3/gems/web-console-2.2.1/lib/web_console/templates/_prompt_box_markup.html.erb within layouts/inlined_string (0.4ms)
  Rendered /Users/ivansathianathan/.rvm/gems/ruby-2.2.3/gems/web-console-2.2.1/lib/web_console/templates/style.css.erb within layouts/inlined_string (0.5ms)
  Rendered /Users/ivansathianathan/.rvm/gems/ruby-2.2.3/gems/web-console-2.2.1/lib/web_console/templates/console.js.erb within layouts/javascript (95.1ms)
  Rendered /Users/ivansathianathan/.rvm/gems/ruby-2.2.3/gems/web-console-2.2.1/lib/web_console/templates/main.js.erb within layouts/javascript (0.4ms)
  Rendered /Users/ivansathianathan/.rvm/gems/ruby-2.2.3/gems/web-console-2.2.1/lib/web_console/templates/error_page.js.erb within layouts/javascript (0.7ms)
  Rendered /Users/ivansathianathan/.rvm/gems/ruby-2.2.3/gems/web-console-2.2.1/lib/web_console/templates/index.html.erb (214.4ms)
  [1m[36mActiveRecord::SchemaMigration Load (0.5ms)[0m  [1mSELECT "schema_migrations".* FROM "schema_migrations"[0m
  [1m[35mActiveRecord::SchemaMigration Load (0.2ms)[0m  SELECT "schema_migrations".* FROM "schema_migrations"
  [1m[36m (3.5ms)[0m  [1mSELECT t2.oid::regclass::text AS to_table, a1.attname AS column, a2.attname AS primary_key, c.conname AS name, c.confupdtype AS on_update, c.confdeltype AS on_delete
FROM pg_constraint c
JOIN pg_class t1 ON c.conrelid = t1.oid
JOIN pg_class t2 ON c.confrelid = t2.oid
JOIN pg_attribute a1 ON a1.attnum = c.conkey[1] AND a1.attrelid = t1.oid
JOIN pg_attribute a2 ON a2.attnum = c.confkey[1] AND a2.attrelid = t2.oid
JOIN pg_namespace t3 ON c.connamespace = t3.oid
WHERE c.contype = 'f'
  AND t1.relname = 'restaurants'
  AND t3.nspname = ANY (current_schemas(false))
ORDER BY c.conname
[0m
  [1m[35m (2.9ms)[0m  SELECT t2.oid::regclass::text AS to_table, a1.attname AS column, a2.attname AS primary_key, c.conname AS name, c.confupdtype AS on_update, c.confdeltype AS on_delete
FROM pg_constraint c
JOIN pg_class t1 ON c.conrelid = t1.oid
JOIN pg_class t2 ON c.confrelid = t2.oid
JOIN pg_attribute a1 ON a1.attnum = c.conkey[1] AND a1.attrelid = t1.oid
JOIN pg_attribute a2 ON a2.attnum = c.confkey[1] AND a2.attrelid = t2.oid
JOIN pg_namespace t3 ON c.connamespace = t3.oid
WHERE c.contype = 'f'
  AND t1.relname = 'reviews'
  AND t3.nspname = ANY (current_schemas(false))
ORDER BY c.conname

  [1m[36m (2.6ms)[0m  [1mSELECT t2.oid::regclass::text AS to_table, a1.attname AS column, a2.attname AS primary_key, c.conname AS name, c.confupdtype AS on_update, c.confdeltype AS on_delete
FROM pg_constraint c
JOIN pg_class t1 ON c.conrelid = t1.oid
JOIN pg_class t2 ON c.confrelid = t2.oid
JOIN pg_attribute a1 ON a1.attnum = c.conkey[1] AND a1.attrelid = t1.oid
JOIN pg_attribute a2 ON a2.attnum = c.confkey[1] AND a2.attrelid = t2.oid
JOIN pg_namespace t3 ON c.connamespace = t3.oid
WHERE c.contype = 'f'
  AND t1.relname = 'users'
  AND t3.nspname = ANY (current_schemas(false))
ORDER BY c.conname
[0m


Started GET "/" for ::1 at 2015-11-25 11:07:59 +0000
  [1m[36mActiveRecord::SchemaMigration Load (0.6ms)[0m  [1mSELECT "schema_migrations".* FROM "schema_migrations"[0m
Processing by RestaurantsController#index as HTML
  [1m[35m (0.6ms)[0m  SELECT COUNT(*) FROM "restaurants"
  [1m[36mRestaurant Load (0.3ms)[0m  [1mSELECT "restaurants".* FROM "restaurants"[0m
  [1m[35mReview Exists (6.6ms)[0m  SELECT  1 AS one FROM "reviews" WHERE "reviews"."restaurant_id" = $1 LIMIT 1  [["restaurant_id", 1]]
  [1m[36mReview Load (0.4ms)[0m  [1mSELECT "reviews".* FROM "reviews" WHERE "reviews"."restaurant_id" = $1[0m  [["restaurant_id", 1]]
  [1m[35mReview Exists (0.4ms)[0m  SELECT  1 AS one FROM "reviews" WHERE "reviews"."restaurant_id" = $1 LIMIT 1  [["restaurant_id", 2]]
  [1m[36mReview Load (0.3ms)[0m  [1mSELECT "reviews".* FROM "reviews" WHERE "reviews"."restaurant_id" = $1[0m  [["restaurant_id", 2]]
  [1m[35mReview Exists (0.4ms)[0m  SELECT  1 AS one FROM "reviews" WHERE "reviews"."restaurant_id" = $1 LIMIT 1  [["restaurant_id", 3]]
  Rendered restaurants/index.html.erb within layouts/application (134.4ms)
Completed 200 OK in 855ms (Views: 806.9ms | ActiveRecord: 17.7ms)


Started GET "/assets/omniauth_callbacks.self-877aef30ae1b040ab8a3aba4e3e309a11d7f2612f44dde450b5c157aa5f95c05.js?body=1" for ::1 at 2015-11-25 11:08:00 +0000


Started GET "/assets/omniauth_callbacks.self-e3b0c44298fc1c149afbf4c8996fb92427ae41e4649b934ca495991b7852b855.css?body=1" for ::1 at 2015-11-25 11:08:00 +0000


Started GET "/users/auth/facebook" for ::1 at 2015-11-25 11:08:02 +0000


Started GET "/users/auth/facebook" for ::1 at 2015-11-25 11:08:02 +0000


Started GET "/users/auth/facebook/callback?code=AQApsK_YqFRRDMlLQpsCCGXILL3hHt1qSkVpESceUrfDb_BKyRcqlvmN1M8WxC7eXfhJv7QZhCA8gA1dgCQpi7h319t20Mc6O4ZXOFEpBzdHHgZkIt04lhBbWMC64cDdkrY9-iC6Pws6WUZNhWq75Z5U0yb8eNFXkGEuq6PYNxAwB-8rkPmdX2a6KDSR_zm6n29h6DzifkTwKR6awBU3YR3OOoCcYylA23C70GB34lgeNeAxpgrdoboISUG3qVZt45guQ6uoK4LPnrHrYIhhvtuzQsW2bXr87VUxHJXlfIroJTR12CcUDUIsLLMqGbZ0MWc&state=36e66c8b4e84f0b140ad831effe6923097b99a29a01caebd" for ::1 at 2015-11-25 11:08:07 +0000
Processing by OmniauthCallbacksController#facebook as HTML
  Parameters: {"code"=>"AQApsK_YqFRRDMlLQpsCCGXILL3hHt1qSkVpESceUrfDb_BKyRcqlvmN1M8WxC7eXfhJv7QZhCA8gA1dgCQpi7h319t20Mc6O4ZXOFEpBzdHHgZkIt04lhBbWMC64cDdkrY9-iC6Pws6WUZNhWq75Z5U0yb8eNFXkGEuq6PYNxAwB-8rkPmdX2a6KDSR_zm6n29h6DzifkTwKR6awBU3YR3OOoCcYylA23C70GB34lgeNeAxpgrdoboISUG3qVZt45guQ6uoK4LPnrHrYIhhvtuzQsW2bXr87VUxHJXlfIroJTR12CcUDUIsLLMqGbZ0MWc", "state"=>"36e66c8b4e84f0b140ad831effe6923097b99a29a01caebd"}
  [1m[36mUser Load (14.0ms)[0m  [1mSELECT  "users".* FROM "users" WHERE "users"."provider" = $1 AND "users"."uid" = $2  ORDER BY "users"."id" ASC LIMIT 1[0m  [["provider", "facebook"], ["uid", "10100457538662875"]]
  [1m[35m (0.2ms)[0m  BEGIN
  [1m[36mUser Exists (0.5ms)[0m  [1mSELECT  1 AS one FROM "users" WHERE "users"."email" = 'ivan.sathianathan@gmail.com' LIMIT 1[0m
  [1m[35mSQL (6.2ms)[0m  INSERT INTO "users" ("provider", "uid", "email", "encrypted_password", "created_at", "updated_at") VALUES ($1, $2, $3, $4, $5, $6) RETURNING "id"  [["provider", "facebook"], ["uid", "10100457538662875"], ["email", "ivan.sathianathan@gmail.com"], ["encrypted_password", "$2a$10$mP8EEHNk1I.wnjqtSAtMxeP6pRtElIQVNofZFeyI5CBV4CIKbVSFe"], ["created_at", "2015-11-25 11:08:08.474125"], ["updated_at", "2015-11-25 11:08:08.474125"]]
  [1m[36m (11.1ms)[0m  [1mCOMMIT[0m
  [1m[35m (0.2ms)[0m  BEGIN
  [1m[36mSQL (0.9ms)[0m  [1mUPDATE "users" SET "last_sign_in_at" = $1, "current_sign_in_at" = $2, "last_sign_in_ip" = $3, "current_sign_in_ip" = $4, "sign_in_count" = $5, "updated_at" = $6 WHERE "users"."id" = $7[0m  [["last_sign_in_at", "2015-11-25 11:08:08.495094"], ["current_sign_in_at", "2015-11-25 11:08:08.495094"], ["last_sign_in_ip", "::1/128"], ["current_sign_in_ip", "::1/128"], ["sign_in_count", 1], ["updated_at", "2015-11-25 11:08:08.497378"], ["id", 1]]
  [1m[35m (0.6ms)[0m  COMMIT
Redirected to http://localhost:3000/
Completed 302 Found in 255ms (ActiveRecord: 35.6ms)


Started GET "/" for ::1 at 2015-11-25 11:08:08 +0000
Processing by RestaurantsController#index as HTML
  [1m[36m (0.4ms)[0m  [1mSELECT COUNT(*) FROM "restaurants"[0m
  [1m[35mRestaurant Load (0.3ms)[0m  SELECT "restaurants".* FROM "restaurants"
  [1m[36mReview Exists (0.9ms)[0m  [1mSELECT  1 AS one FROM "reviews" WHERE "reviews"."restaurant_id" = $1 LIMIT 1[0m  [["restaurant_id", 1]]
  [1m[35mReview Load (0.5ms)[0m  SELECT "reviews".* FROM "reviews" WHERE "reviews"."restaurant_id" = $1  [["restaurant_id", 1]]
  [1m[36mReview Exists (5.1ms)[0m  [1mSELECT  1 AS one FROM "reviews" WHERE "reviews"."restaurant_id" = $1 LIMIT 1[0m  [["restaurant_id", 2]]
  [1m[35mReview Load (0.3ms)[0m  SELECT "reviews".* FROM "reviews" WHERE "reviews"."restaurant_id" = $1  [["restaurant_id", 2]]
  [1m[36mReview Exists (0.4ms)[0m  [1mSELECT  1 AS one FROM "reviews" WHERE "reviews"."restaurant_id" = $1 LIMIT 1[0m  [["restaurant_id", 3]]
  Rendered restaurants/index.html.erb within layouts/application (25.4ms)
  [1m[35mUser Load (1.0ms)[0m  SELECT  "users".* FROM "users" WHERE "users"."id" = $1  ORDER BY "users"."id" ASC LIMIT 1  [["id", 1]]
Completed 200 OK in 130ms (Views: 120.1ms | ActiveRecord: 8.9ms)


Started DELETE "/users/sign_out" for ::1 at 2015-11-25 11:08:16 +0000
Processing by Devise::SessionsController#destroy as HTML
  Parameters: {"authenticity_token"=>"d6Fa+BvhhBYn0D0bezigHCqoB/T2Dg2UrGjUeLUjMtKV/Cq0xKI9C7AMfrSifoCMbFBdQKYAERIqcpBiq9Bafg=="}
  [1m[36mUser Load (0.4ms)[0m  [1mSELECT  "users".* FROM "users" WHERE "users"."id" = $1  ORDER BY "users"."id" ASC LIMIT 1[0m  [["id", 1]]
  [1m[35m (0.2ms)[0m  BEGIN
  [1m[36m (0.2ms)[0m  [1mCOMMIT[0m
Redirected to http://localhost:3000/
Completed 302 Found in 11ms (ActiveRecord: 0.8ms)


Started GET "/" for ::1 at 2015-11-25 11:08:16 +0000
Processing by RestaurantsController#index as HTML
  [1m[35m (0.4ms)[0m  SELECT COUNT(*) FROM "restaurants"
  [1m[36mRestaurant Load (0.3ms)[0m  [1mSELECT "restaurants".* FROM "restaurants"[0m
  [1m[35mReview Exists (0.2ms)[0m  SELECT  1 AS one FROM "reviews" WHERE "reviews"."restaurant_id" = $1 LIMIT 1  [["restaurant_id", 1]]
  [1m[36mReview Load (0.3ms)[0m  [1mSELECT "reviews".* FROM "reviews" WHERE "reviews"."restaurant_id" = $1[0m  [["restaurant_id", 1]]
  [1m[35mReview Exists (0.2ms)[0m  SELECT  1 AS one FROM "reviews" WHERE "reviews"."restaurant_id" = $1 LIMIT 1  [["restaurant_id", 2]]
  [1m[36mReview Load (0.2ms)[0m  [1mSELECT "reviews".* FROM "reviews" WHERE "reviews"."restaurant_id" = $1[0m  [["restaurant_id", 2]]
  [1m[35mReview Exists (0.2ms)[0m  SELECT  1 AS one FROM "reviews" WHERE "reviews"."restaurant_id" = $1 LIMIT 1  [["restaurant_id", 3]]
  Rendered restaurants/index.html.erb within layouts/application (9.6ms)
Completed 200 OK in 84ms (Views: 81.2ms | ActiveRecord: 1.8ms)
